c:\users\austinwilliams\source\repos\sfml project\sfml project\x64\debug\vc141.pdb
c:\users\austinwilliams\source\repos\sfml project\sfml project\x64\debug\vc141.idb
c:\users\austinwilliams\source\repos\sfml project\sfml project\x64\debug\explosion.obj
c:\users\austinwilliams\source\repos\sfml project\sfml project\x64\debug\framework.obj
c:\users\austinwilliams\source\repos\sfml project\sfml project\x64\debug\game.obj
c:\users\austinwilliams\source\repos\sfml project\sfml project\x64\debug\ghost.obj
c:\users\austinwilliams\source\repos\sfml project\sfml project\x64\debug\grid.obj
c:\users\austinwilliams\source\repos\sfml project\sfml project\x64\debug\healthbar.obj
c:\users\austinwilliams\source\repos\sfml project\sfml project\x64\debug\main.obj
c:\users\austinwilliams\source\repos\sfml project\sfml project\x64\debug\menu.obj
c:\users\austinwilliams\source\repos\sfml project\sfml project\x64\debug\mob.obj
c:\users\austinwilliams\source\repos\sfml project\sfml project\x64\debug\mobtypes.obj
c:\users\austinwilliams\source\repos\sfml project\sfml project\x64\debug\player.obj
c:\users\austinwilliams\source\repos\sfml project\sfml project\x64\debug\tile.obj
c:\users\austinwilliams\source\repos\sfml project\sfml project\x64\debug\tower.obj
c:\users\austinwilliams\source\repos\sfml project\sfml project\x64\debug\towers.obj
c:\users\austinwilliams\source\repos\sfml project\sfml project\x64\debug\wave.obj
c:\users\austinwilliams\source\repos\sfml project\x64\debug\sfml project.exe
c:\users\austinwilliams\source\repos\sfml project\x64\debug\sfml project.ilk
c:\users\austinwilliams\source\repos\sfml project\x64\debug\sfml project.pdb
c:\users\austinwilliams\source\repos\sfml project\sfml project\x64\debug\sfml project.tlog\cl.command.1.tlog
c:\users\austinwilliams\source\repos\sfml project\sfml project\x64\debug\sfml project.tlog\cl.read.1.tlog
c:\users\austinwilliams\source\repos\sfml project\sfml project\x64\debug\sfml project.tlog\cl.write.1.tlog
c:\users\austinwilliams\source\repos\sfml project\sfml project\x64\debug\sfml project.tlog\link.command.1.tlog
c:\users\austinwilliams\source\repos\sfml project\sfml project\x64\debug\sfml project.tlog\link.read.1.tlog
c:\users\austinwilliams\source\repos\sfml project\sfml project\x64\debug\sfml project.tlog\link.write.1.tlog
